{"c:\\demos\\coverage\\Student.js":{"path":"c:\\demos\\coverage\\Student.js","s":{"1":1,"2":1,"3":1,"4":8,"5":8,"6":8,"7":8,"8":8,"9":1,"10":1,"11":1,"12":1,"13":1,"14":1},"b":{},"f":{"1":8,"2":8,"3":1,"4":1},"fnMap":{"1":{"name":"Student","line":5,"loc":{"start":{"line":5,"column":0},"end":{"line":5,"column":19}}},"2":{"name":"(anonymous_2)","line":7,"loc":{"start":{"line":7,"column":17},"end":{"line":7,"column":40}}},"3":{"name":"(anonymous_3)","line":20,"loc":{"start":{"line":20,"column":18},"end":{"line":20,"column":30}}},"4":{"name":"(anonymous_4)","line":24,"loc":{"start":{"line":24,"column":14},"end":{"line":24,"column":26}}}},"statementMap":{"1":{"start":{"line":3,"column":0},"end":{"line":3,"column":27}},"2":{"start":{"line":5,"column":0},"end":{"line":5,"column":21}},"3":{"start":{"line":7,"column":0},"end":{"line":16,"column":2}},"4":{"start":{"line":8,"column":2},"end":{"line":9,"column":3}},"5":{"start":{"line":11,"column":2},"end":{"line":11,"column":22}},"6":{"start":{"line":12,"column":2},"end":{"line":12,"column":24}},"7":{"start":{"line":13,"column":2},"end":{"line":13,"column":25}},"8":{"start":{"line":15,"column":2},"end":{"line":15,"column":17}},"9":{"start":{"line":18,"column":0},"end":{"line":18,"column":27}},"10":{"start":{"line":20,"column":0},"end":{"line":22,"column":2}},"11":{"start":{"line":21,"column":2},"end":{"line":21,"column":15}},"12":{"start":{"line":24,"column":0},"end":{"line":26,"column":2}},"13":{"start":{"line":25,"column":2},"end":{"line":25,"column":36}},"14":{"start":{"line":28,"column":0},"end":{"line":28,"column":25}}},"branchMap":{}},"c:\\demos\\coverage\\Course.js":{"path":"c:\\demos\\coverage\\Course.js","s":{"1":1,"2":1,"3":5,"4":5,"5":5,"6":5,"7":5,"8":5,"9":5,"10":1,"11":1,"12":1,"13":1,"14":1,"15":1,"16":0,"17":0,"18":0,"19":1,"20":1,"21":2,"22":2,"23":1,"24":2,"25":1,"26":2,"27":2,"28":4,"29":1,"30":3,"31":6,"32":1,"33":0,"34":0,"35":0,"36":0,"37":0,"38":0,"39":0,"40":1,"41":0,"42":0,"43":0,"44":0,"45":0,"46":0,"47":0,"48":1},"b":{"1":[1,0],"2":[0,0],"3":[1,1],"4":[1,1],"5":[1,3],"6":[0,0],"7":[0,0]},"f":{"1":5,"2":5,"3":1,"4":1,"5":0,"6":2,"7":4,"8":6,"9":0,"10":0,"11":0,"12":0},"fnMap":{"1":{"name":"Course","line":3,"loc":{"start":{"line":3,"column":0},"end":{"line":3,"column":19}}},"2":{"name":"(anonymous_2)","line":5,"loc":{"start":{"line":5,"column":16},"end":{"line":5,"column":51}}},"3":{"name":"(anonymous_3)","line":20,"loc":{"start":{"line":20,"column":21},"end":{"line":20,"column":40}}},"4":{"name":"(anonymous_4)","line":24,"loc":{"start":{"line":24,"column":23},"end":{"line":24,"column":44}}},"5":{"name":"(anonymous_5)","line":28,"loc":{"start":{"line":28,"column":26},"end":{"line":28,"column":48}}},"6":{"name":"(anonymous_6)","line":38,"loc":{"start":{"line":38,"column":14},"end":{"line":38,"column":37}}},"7":{"name":"(anonymous_7)","line":60,"loc":{"start":{"line":60,"column":15},"end":{"line":60,"column":30}}},"8":{"name":"(anonymous_8)","line":64,"loc":{"start":{"line":64,"column":18},"end":{"line":64,"column":34}}},"9":{"name":"(anonymous_9)","line":73,"loc":{"start":{"line":73,"column":18},"end":{"line":73,"column":30}}},"10":{"name":"(anonymous_10)","line":77,"loc":{"start":{"line":77,"column":21},"end":{"line":77,"column":37}}},"11":{"name":"(anonymous_11)","line":89,"loc":{"start":{"line":89,"column":18},"end":{"line":89,"column":30}}},"12":{"name":"(anonymous_12)","line":93,"loc":{"start":{"line":93,"column":24},"end":{"line":93,"column":43}}}},"statementMap":{"1":{"start":{"line":3,"column":0},"end":{"line":3,"column":21}},"2":{"start":{"line":5,"column":0},"end":{"line":16,"column":2}},"3":{"start":{"line":6,"column":2},"end":{"line":6,"column":28}},"4":{"start":{"line":8,"column":2},"end":{"line":8,"column":21}},"5":{"start":{"line":9,"column":2},"end":{"line":9,"column":21}},"6":{"start":{"line":10,"column":2},"end":{"line":10,"column":35}},"7":{"start":{"line":12,"column":2},"end":{"line":12,"column":23}},"8":{"start":{"line":13,"column":2},"end":{"line":13,"column":20}},"9":{"start":{"line":15,"column":2},"end":{"line":15,"column":16}},"10":{"start":{"line":18,"column":0},"end":{"line":18,"column":26}},"11":{"start":{"line":20,"column":0},"end":{"line":22,"column":2}},"12":{"start":{"line":21,"column":2},"end":{"line":21,"column":30}},"13":{"start":{"line":24,"column":0},"end":{"line":36,"column":2}},"14":{"start":{"line":25,"column":2},"end":{"line":26,"column":3}},"15":{"start":{"line":28,"column":2},"end":{"line":35,"column":3}},"16":{"start":{"line":29,"column":4},"end":{"line":32,"column":5}},"17":{"start":{"line":30,"column":6},"end":{"line":30,"column":31}},"18":{"start":{"line":31,"column":6},"end":{"line":31,"column":18}},"19":{"start":{"line":34,"column":4},"end":{"line":34,"column":81}},"20":{"start":{"line":38,"column":0},"end":{"line":71,"column":2}},"21":{"start":{"line":39,"column":2},"end":{"line":40,"column":3}},"22":{"start":{"line":42,"column":2},"end":{"line":44,"column":3}},"23":{"start":{"line":43,"column":4},"end":{"line":43,"column":18}},"24":{"start":{"line":46,"column":2},"end":{"line":48,"column":3}},"25":{"start":{"line":47,"column":4},"end":{"line":47,"column":20}},"26":{"start":{"line":50,"column":4},"end":{"line":58,"column":4}},"27":{"start":{"line":60,"column":2},"end":{"line":70,"column":5}},"28":{"start":{"line":61,"column":4},"end":{"line":63,"column":5}},"29":{"start":{"line":62,"column":6},"end":{"line":62,"column":49}},"30":{"start":{"line":64,"column":4},"end":{"line":69,"column":7}},"31":{"start":{"line":65,"column":6},"end":{"line":68,"column":9}},"32":{"start":{"line":73,"column":0},"end":{"line":87,"column":2}},"33":{"start":{"line":74,"column":2},"end":{"line":75,"column":17}},"34":{"start":{"line":77,"column":2},"end":{"line":84,"column":5}},"35":{"start":{"line":78,"column":4},"end":{"line":80,"column":5}},"36":{"start":{"line":79,"column":6},"end":{"line":79,"column":29}},"37":{"start":{"line":81,"column":4},"end":{"line":81,"column":18}},"38":{"start":{"line":83,"column":4},"end":{"line":83,"column":52}},"39":{"start":{"line":86,"column":2},"end":{"line":86,"column":24}},"40":{"start":{"line":89,"column":0},"end":{"line":103,"column":2}},"41":{"start":{"line":90,"column":2},"end":{"line":91,"column":17}},"42":{"start":{"line":93,"column":2},"end":{"line":100,"column":5}},"43":{"start":{"line":94,"column":4},"end":{"line":96,"column":5}},"44":{"start":{"line":95,"column":6},"end":{"line":95,"column":28}},"45":{"start":{"line":97,"column":4},"end":{"line":97,"column":18}},"46":{"start":{"line":99,"column":4},"end":{"line":99,"column":40}},"47":{"start":{"line":102,"column":2},"end":{"line":102,"column":23}},"48":{"start":{"line":105,"column":0},"end":{"line":105,"column":24}}},"branchMap":{"1":{"line":28,"type":"if","locations":[{"start":{"line":28,"column":2},"end":{"line":28,"column":2}},{"start":{"line":28,"column":2},"end":{"line":28,"column":2}}]},"2":{"line":29,"type":"if","locations":[{"start":{"line":29,"column":4},"end":{"line":29,"column":4}},{"start":{"line":29,"column":4},"end":{"line":29,"column":4}}]},"3":{"line":42,"type":"if","locations":[{"start":{"line":42,"column":2},"end":{"line":42,"column":2}},{"start":{"line":42,"column":2},"end":{"line":42,"column":2}}]},"4":{"line":46,"type":"if","locations":[{"start":{"line":46,"column":2},"end":{"line":46,"column":2}},{"start":{"line":46,"column":2},"end":{"line":46,"column":2}}]},"5":{"line":61,"type":"if","locations":[{"start":{"line":61,"column":4},"end":{"line":61,"column":4}},{"start":{"line":61,"column":4},"end":{"line":61,"column":4}}]},"6":{"line":78,"type":"if","locations":[{"start":{"line":78,"column":4},"end":{"line":78,"column":4}},{"start":{"line":78,"column":4},"end":{"line":78,"column":4}}]},"7":{"line":94,"type":"if","locations":[{"start":{"line":94,"column":4},"end":{"line":94,"column":4}},{"start":{"line":94,"column":4},"end":{"line":94,"column":4}}]}}}}