TN:
SF:c:\demos\coverage\Student.js
FN:5,Student
FN:7,(anonymous_2)
FN:20,(anonymous_3)
FN:24,(anonymous_4)
FNF:4
FNH:4
FNDA:8,Student
FNDA:8,(anonymous_2)
FNDA:1,(anonymous_3)
FNDA:1,(anonymous_4)
DA:3,1
DA:5,1
DA:7,1
DA:8,8
DA:11,8
DA:12,8
DA:13,8
DA:15,8
DA:18,1
DA:20,1
DA:21,1
DA:24,1
DA:25,1
DA:28,1
LF:14
LH:14
BRF:0
BRH:0
end_of_record
TN:
SF:c:\demos\coverage\Course.js
FN:3,Course
FN:5,(anonymous_2)
FN:20,(anonymous_3)
FN:24,(anonymous_4)
FN:28,(anonymous_5)
FN:38,(anonymous_6)
FN:60,(anonymous_7)
FN:64,(anonymous_8)
FN:73,(anonymous_9)
FN:77,(anonymous_10)
FN:89,(anonymous_11)
FN:93,(anonymous_12)
FNF:12
FNH:7
FNDA:5,Course
FNDA:5,(anonymous_2)
FNDA:1,(anonymous_3)
FNDA:1,(anonymous_4)
FNDA:0,(anonymous_5)
FNDA:2,(anonymous_6)
FNDA:4,(anonymous_7)
FNDA:6,(anonymous_8)
FNDA:0,(anonymous_9)
FNDA:0,(anonymous_10)
FNDA:0,(anonymous_11)
FNDA:0,(anonymous_12)
DA:3,1
DA:5,1
DA:6,5
DA:8,5
DA:9,5
DA:10,5
DA:12,5
DA:13,5
DA:15,5
DA:18,1
DA:20,1
DA:21,1
DA:24,1
DA:25,1
DA:28,1
DA:29,0
DA:30,0
DA:31,0
DA:34,1
DA:38,1
DA:39,2
DA:42,2
DA:43,1
DA:46,2
DA:47,1
DA:50,2
DA:60,2
DA:61,4
DA:62,1
DA:64,3
DA:65,6
DA:73,1
DA:74,0
DA:77,0
DA:78,0
DA:79,0
DA:81,0
DA:83,0
DA:86,0
DA:89,1
DA:90,0
DA:93,0
DA:94,0
DA:95,0
DA:97,0
DA:99,0
DA:102,0
DA:105,1
LF:48
LH:31
BRDA:28,1,0,1
BRDA:28,1,1,0
BRDA:29,2,0,0
BRDA:29,2,1,0
BRDA:42,3,0,1
BRDA:42,3,1,1
BRDA:46,4,0,1
BRDA:46,4,1,1
BRDA:61,5,0,1
BRDA:61,5,1,3
BRDA:78,6,0,0
BRDA:78,6,1,0
BRDA:94,7,0,0
BRDA:94,7,1,0
BRF:14
BRH:7
end_of_record
